INFO:root:time.struct_time(tm_year=2015, tm_mon=5, tm_mday=10, tm_hour=20, tm_min=42, tm_sec=57, tm_wday=6, tm_yday=130, tm_isdst=0)  INFO:     Region i260 has following difference:    i226,i236,i211,i223,i217,i214,i257
INFO:root:time.struct_time(tm_year=2015, tm_mon=5, tm_mday=10, tm_hour=20, tm_min=42, tm_sec=57, tm_wday=6, tm_yday=130, tm_isdst=0)  INFO:     Region i261 has following difference:    i213
INFO:root:time.struct_time(tm_year=2015, tm_mon=5, tm_mday=10, tm_hour=20, tm_min=42, tm_sec=57, tm_wday=6, tm_yday=130, tm_isdst=0)  INFO:     Region i262 has following difference:    i238,i231,i220,i249,i254,i247
INFO:root:time.struct_time(tm_year=2015, tm_mon=5, tm_mday=10, tm_hour=20, tm_min=42, tm_sec=57, tm_wday=6, tm_yday=130, tm_isdst=0)  INFO:     Region i263 has following difference:    i234,i230,i215,i241,i251,i246
INFO:root:time.struct_time(tm_year=2015, tm_mon=5, tm_mday=10, tm_hour=20, tm_min=42, tm_sec=57, tm_wday=6, tm_yday=130, tm_isdst=0)  INFO:     Region i264 has following difference:    i219,i239,i229,i212,i237,i216,i222,i233,i248,i258,i243,i255
INFO:root:time.struct_time(tm_year=2015, tm_mon=5, tm_mday=10, tm_hour=20, tm_min=42, tm_sec=57, tm_wday=6, tm_yday=130, tm_isdst=0)  INFO:     Region i265 has following difference:    i228,i235,i225,i221,i245,i250
INFO:root:time.struct_time(tm_year=2015, tm_mon=5, tm_mday=10, tm_hour=20, tm_min=42, tm_sec=57, tm_wday=6, tm_yday=130, tm_isdst=0)  INFO:     Region i266 has following difference:    i226,i236,i211,i223,i257
INFO:root:time.struct_time(tm_year=2015, tm_mon=5, tm_mday=10, tm_hour=20, tm_min=42, tm_sec=57, tm_wday=6, tm_yday=130, tm_isdst=0)  INFO:     Region i267 has following difference:    i228,i235,i224,i215,i233,i246
INFO:root:time.struct_time(tm_year=2015, tm_mon=5, tm_mday=10, tm_hour=20, tm_min=42, tm_sec=57, tm_wday=6, tm_yday=130, tm_isdst=0)  INFO:     Region i268 has following difference:    i219,i234,i230,i212,i271,i241,i280,i251
INFO:root:time.struct_time(tm_year=2015, tm_mon=5, tm_mday=10, tm_hour=20, tm_min=42, tm_sec=57, tm_wday=6, tm_yday=130, tm_isdst=0)  INFO:     Region i269 has following difference:    i225,i237,i217,i214,i220,i247,i256,i254,i245,i243,i250
INFO:root:time.struct_time(tm_year=2015, tm_mon=5, tm_mday=10, tm_hour=20, tm_min=42, tm_sec=57, tm_wday=6, tm_yday=130, tm_isdst=0)  INFO:     Region i270 has following difference:    i218,i242,i228,i235,i216,i232,i221,i255
INFO:root:time.struct_time(tm_year=2015, tm_mon=5, tm_mday=10, tm_hour=20, tm_min=42, tm_sec=57, tm_wday=6, tm_yday=130, tm_isdst=0)  INFO:     Region i271 has following difference:    i219,i236,i211,i222,i217,i257,i243,i233
INFO:root:time.struct_time(tm_year=2015, tm_mon=5, tm_mday=10, tm_hour=20, tm_min=42, tm_sec=57, tm_wday=6, tm_yday=130, tm_isdst=0)  INFO:     Region i272 has following difference:    i215,i238,i217,i228,i226,i236,i231,i144,i220,i247,i241,i257,i254,i233,i250
INFO:root:time.struct_time(tm_year=2015, tm_mon=5, tm_mday=10, tm_hour=20, tm_min=42, tm_sec=57, tm_wday=6, tm_yday=130, tm_isdst=0)  INFO:     Region i273 has following difference:    i212,i240,i219,i232
INFO:root:time.struct_time(tm_year=2015, tm_mon=5, tm_mday=10, tm_hour=20, tm_min=42, tm_sec=57, tm_wday=6, tm_yday=130, tm_isdst=0)  INFO:     Region i274 has following difference:    i229,i227,i235,i237,i216,i222,i244,i249,i255,i253
INFO:root:time.struct_time(tm_year=2015, tm_mon=5, tm_mday=10, tm_hour=20, tm_min=42, tm_sec=57, tm_wday=6, tm_yday=130, tm_isdst=0)  INFO:     Region i275 has following difference:    i219,i239,i229,i242,i212,i237,i216,i232,i248,i258,i255
INFO:root:time.struct_time(tm_year=2015, tm_mon=5, tm_mday=10, tm_hour=20, tm_min=42, tm_sec=57, tm_wday=6, tm_yday=130, tm_isdst=0)  INFO:     Region i276 has following difference:    i238,i228,i213,i225,i222,i233,i247,i235,i254,i245,i250
INFO:root:time.struct_time(tm_year=2015, tm_mon=5, tm_mday=10, tm_hour=20, tm_min=42, tm_sec=57, tm_wday=6, tm_yday=130, tm_isdst=0)  INFO:     Region i277 has following difference:    i226,i236,i223,i217,i214,i231,i249,i257
INFO:root:time.struct_time(tm_year=2015, tm_mon=5, tm_mday=10, tm_hour=20, tm_min=42, tm_sec=57, tm_wday=6, tm_yday=130, tm_isdst=0)  INFO:     Region i278 has following difference:    i234,i230,i215,i241,i251,i246
INFO:root:time.struct_time(tm_year=2015, tm_mon=5, tm_mday=10, tm_hour=20, tm_min=42, tm_sec=57, tm_wday=6, tm_yday=130, tm_isdst=0)  INFO:     Region i279 has following difference:    i219,i228,i212,i223,i225,i237,i230,i215,i241,i257,i251,i246
INFO:root:time.struct_time(tm_year=2015, tm_mon=5, tm_mday=10, tm_hour=20, tm_min=42, tm_sec=57, tm_wday=6, tm_yday=130, tm_isdst=0)  INFO:     Region i280 has following difference:    i238,i222,i214,i220,i249,i243,i233,i254,i247
INFO:root:time.struct_time(tm_year=2015, tm_mon=5, tm_mday=10, tm_hour=20, tm_min=42, tm_sec=57, tm_wday=6, tm_yday=130, tm_isdst=0)  INFO:     Region i281 has following difference:    i213,i224,i250,i221
INFO:root:time.struct_time(tm_year=2015, tm_mon=5, tm_mday=11, tm_hour=13, tm_min=18, tm_sec=47, tm_wday=0, tm_yday=131, tm_isdst=0)  INFO:     Region i260 has following difference:    i226,i236,i211,i223,i217,i214,i257
INFO:root:time.struct_time(tm_year=2015, tm_mon=5, tm_mday=11, tm_hour=13, tm_min=18, tm_sec=47, tm_wday=0, tm_yday=131, tm_isdst=0)  INFO:     Region i261 has following difference:    i213
INFO:root:time.struct_time(tm_year=2015, tm_mon=5, tm_mday=11, tm_hour=13, tm_min=18, tm_sec=47, tm_wday=0, tm_yday=131, tm_isdst=0)  INFO:     Region i262 has following difference:    i238,i231,i220,i249,i254,i247
INFO:root:time.struct_time(tm_year=2015, tm_mon=5, tm_mday=11, tm_hour=13, tm_min=18, tm_sec=47, tm_wday=0, tm_yday=131, tm_isdst=0)  INFO:     Region i263 has following difference:    i234,i230,i215,i241,i251,i246
INFO:root:time.struct_time(tm_year=2015, tm_mon=5, tm_mday=11, tm_hour=13, tm_min=18, tm_sec=47, tm_wday=0, tm_yday=131, tm_isdst=0)  INFO:     Region i264 has following difference:    i219,i239,i229,i212,i237,i216,i222,i233,i248,i258,i243,i255
INFO:root:time.struct_time(tm_year=2015, tm_mon=5, tm_mday=11, tm_hour=13, tm_min=18, tm_sec=47, tm_wday=0, tm_yday=131, tm_isdst=0)  INFO:     Region i265 has following difference:    i228,i235,i225,i221,i245,i250
INFO:root:time.struct_time(tm_year=2015, tm_mon=5, tm_mday=11, tm_hour=13, tm_min=18, tm_sec=47, tm_wday=0, tm_yday=131, tm_isdst=0)  INFO:     Region i266 has following difference:    i226,i236,i211,i223,i257
INFO:root:time.struct_time(tm_year=2015, tm_mon=5, tm_mday=11, tm_hour=13, tm_min=18, tm_sec=47, tm_wday=0, tm_yday=131, tm_isdst=0)  INFO:     Region i267 has following difference:    i228,i235,i224,i215,i233,i246
INFO:root:time.struct_time(tm_year=2015, tm_mon=5, tm_mday=11, tm_hour=13, tm_min=18, tm_sec=47, tm_wday=0, tm_yday=131, tm_isdst=0)  INFO:     Region i268 has following difference:    i219,i234,i230,i212,i271,i241,i280,i251
INFO:root:time.struct_time(tm_year=2015, tm_mon=5, tm_mday=11, tm_hour=13, tm_min=18, tm_sec=47, tm_wday=0, tm_yday=131, tm_isdst=0)  INFO:     Region i269 has following difference:    i225,i237,i217,i214,i220,i247,i256,i254,i245,i243,i250
INFO:root:time.struct_time(tm_year=2015, tm_mon=5, tm_mday=11, tm_hour=13, tm_min=18, tm_sec=47, tm_wday=0, tm_yday=131, tm_isdst=0)  INFO:     Region i270 has following difference:    i218,i242,i228,i235,i216,i232,i221,i255
INFO:root:time.struct_time(tm_year=2015, tm_mon=5, tm_mday=11, tm_hour=13, tm_min=18, tm_sec=47, tm_wday=0, tm_yday=131, tm_isdst=0)  INFO:     Region i271 has following difference:    i219,i236,i211,i222,i217,i257,i243,i233
INFO:root:time.struct_time(tm_year=2015, tm_mon=5, tm_mday=11, tm_hour=13, tm_min=18, tm_sec=47, tm_wday=0, tm_yday=131, tm_isdst=0)  INFO:     Region i272 has following difference:    i215,i238,i217,i228,i226,i236,i231,i144,i220,i247,i241,i257,i254,i233,i250
INFO:root:time.struct_time(tm_year=2015, tm_mon=5, tm_mday=11, tm_hour=13, tm_min=18, tm_sec=47, tm_wday=0, tm_yday=131, tm_isdst=0)  INFO:     Region i273 has following difference:    i212,i240,i219,i232
INFO:root:time.struct_time(tm_year=2015, tm_mon=5, tm_mday=11, tm_hour=13, tm_min=18, tm_sec=47, tm_wday=0, tm_yday=131, tm_isdst=0)  INFO:     Region i274 has following difference:    i229,i227,i235,i237,i216,i222,i244,i249,i255,i253
INFO:root:time.struct_time(tm_year=2015, tm_mon=5, tm_mday=11, tm_hour=13, tm_min=18, tm_sec=47, tm_wday=0, tm_yday=131, tm_isdst=0)  INFO:     Region i275 has following difference:    i219,i239,i229,i242,i212,i237,i216,i232,i248,i258,i255
INFO:root:time.struct_time(tm_year=2015, tm_mon=5, tm_mday=11, tm_hour=13, tm_min=18, tm_sec=47, tm_wday=0, tm_yday=131, tm_isdst=0)  INFO:     Region i276 has following difference:    i238,i228,i213,i225,i222,i233,i247,i235,i254,i245,i250
INFO:root:time.struct_time(tm_year=2015, tm_mon=5, tm_mday=11, tm_hour=13, tm_min=18, tm_sec=47, tm_wday=0, tm_yday=131, tm_isdst=0)  INFO:     Region i277 has following difference:    i226,i236,i223,i217,i214,i231,i249,i257
INFO:root:time.struct_time(tm_year=2015, tm_mon=5, tm_mday=11, tm_hour=13, tm_min=18, tm_sec=47, tm_wday=0, tm_yday=131, tm_isdst=0)  INFO:     Region i278 has following difference:    i234,i230,i215,i241,i251,i246
INFO:root:time.struct_time(tm_year=2015, tm_mon=5, tm_mday=11, tm_hour=13, tm_min=18, tm_sec=47, tm_wday=0, tm_yday=131, tm_isdst=0)  INFO:     Region i279 has following difference:    i219,i228,i212,i223,i225,i237,i230,i215,i241,i257,i251,i246
INFO:root:time.struct_time(tm_year=2015, tm_mon=5, tm_mday=11, tm_hour=13, tm_min=18, tm_sec=47, tm_wday=0, tm_yday=131, tm_isdst=0)  INFO:     Region i280 has following difference:    i238,i222,i214,i220,i249,i243,i233,i254,i247
INFO:root:time.struct_time(tm_year=2015, tm_mon=5, tm_mday=11, tm_hour=13, tm_min=18, tm_sec=47, tm_wday=0, tm_yday=131, tm_isdst=0)  INFO:     Region i281 has following difference:    i213,i224,i250,i221
INFO:requests.packages.urllib3.connectionpool:Starting new HTTPS connection (1): waffle-server-stage.herokuapp.com
DEBUG:requests.packages.urllib3.connectionpool:"POST /waffles/import HTTP/1.1" 503 484
INFO:root:time.struct_time(tm_year=2015, tm_mon=11, tm_mday=19, tm_hour=15, tm_min=46, tm_sec=23, tm_wday=3, tm_yday=323, tm_isdst=0)  INFO:meta/area_categorizarion is pushed
INFO:requests.packages.urllib3.connectionpool:Starting new HTTPS connection (1): waffle-server-stage.herokuapp.com
DEBUG:requests.packages.urllib3.connectionpool:"POST /waffles/import HTTP/1.1" 503 484
INFO:requests.packages.urllib3.connectionpool:Starting new HTTPS connection (1): waffle-server-stage.herokuapp.com
DEBUG:requests.packages.urllib3.connectionpool:"POST /waffles/import HTTP/1.1" 503 484
INFO:root:time.struct_time(tm_year=2015, tm_mon=11, tm_mday=19, tm_hour=15, tm_min=47, tm_sec=59, tm_wday=3, tm_yday=323, tm_isdst=0)  INFO:meta/area_categorizarion is pushed
INFO:requests.packages.urllib3.connectionpool:Starting new HTTPS connection (1): waffle-server-stage.herokuapp.com
DEBUG:requests.packages.urllib3.connectionpool:"POST /waffles/import HTTP/1.1" 503 484
INFO:root:time.struct_time(tm_year=2015, tm_mon=11, tm_mday=19, tm_hour=15, tm_min=47, tm_sec=59, tm_wday=3, tm_yday=323, tm_isdst=0)  INFO:meta/indicator_categorizarion is pushed
INFO:requests.packages.urllib3.connectionpool:Starting new HTTPS connection (1): waffle-server-stage.herokuapp.com
DEBUG:requests.packages.urllib3.connectionpool:"POST /waffles/import HTTP/1.1" 503 484
INFO:root:time.struct_time(tm_year=2015, tm_mon=11, tm_mday=19, tm_hour=15, tm_min=47, tm_sec=59, tm_wday=3, tm_yday=323, tm_isdst=0)  INFO:meta/dimensions is pushed
INFO:requests.packages.urllib3.connectionpool:Starting new HTTPS connection (1): waffle-server-stage.herokuapp.com
DEBUG:requests.packages.urllib3.connectionpool:"POST /waffles/import HTTP/1.1" 503 484
INFO:root:time.struct_time(tm_year=2015, tm_mon=11, tm_mday=19, tm_hour=15, tm_min=48, tm_sec=0, tm_wday=3, tm_yday=323, tm_isdst=0)  INFO:meta/quantities is pushed
INFO:requests.packages.urllib3.connectionpool:Starting new HTTPS connection (1): waffle-server-stage.herokuapp.com
DEBUG:requests.packages.urllib3.connectionpool:"POST /waffles/import HTTP/1.1" 503 484
INFO:root:time.struct_time(tm_year=2015, tm_mon=11, tm_mday=19, tm_hour=16, tm_min=14, tm_sec=4, tm_wday=3, tm_yday=323, tm_isdst=0)  INFO:meta/area_categorizarion is pushed
INFO:requests.packages.urllib3.connectionpool:Starting new HTTPS connection (1): waffle-server-stage.herokuapp.com
DEBUG:requests.packages.urllib3.connectionpool:"POST /waffles/import HTTP/1.1" 503 484
INFO:root:time.struct_time(tm_year=2015, tm_mon=11, tm_mday=19, tm_hour=16, tm_min=42, tm_sec=56, tm_wday=3, tm_yday=323, tm_isdst=0)  INFO:meta/indicator_categorizarion is pushed
INFO:requests.packages.urllib3.connectionpool:Starting new HTTPS connection (1): waffle-server-stage.herokuapp.com
DEBUG:requests.packages.urllib3.connectionpool:"POST /waffles/import HTTP/1.1" 503 484
INFO:root:time.struct_time(tm_year=2015, tm_mon=11, tm_mday=19, tm_hour=16, tm_min=43, tm_sec=4, tm_wday=3, tm_yday=323, tm_isdst=0)  INFO:meta/dimensions is pushed
INFO:requests.packages.urllib3.connectionpool:Starting new HTTPS connection (1): waffle-server-stage.herokuapp.com
DEBUG:requests.packages.urllib3.connectionpool:"POST /waffles/import HTTP/1.1" 503 484
INFO:root:time.struct_time(tm_year=2015, tm_mon=11, tm_mday=19, tm_hour=16, tm_min=43, tm_sec=10, tm_wday=3, tm_yday=323, tm_isdst=0)  INFO:meta/quantities is pushed
INFO:requests.packages.urllib3.connectionpool:Starting new HTTPS connection (1): waffle-server-stage.herokuapp.com
DEBUG:requests.packages.urllib3.connectionpool:"POST /waffles/import HTTP/1.1" 503 484
INFO:root:time.struct_time(tm_year=2016, tm_mon=3, tm_mday=10, tm_hour=17, tm_min=34, tm_sec=12, tm_wday=3, tm_yday=70, tm_isdst=0)  INFO:meta/area_categorizarion is pushed
